[debug] [2023-05-19T10:27:48.989Z] ----------------------------------------------------------------------
[debug] [2023-05-19T10:27:48.990Z] Command:       /Users/marco/.nvm/versions/node/v16.20.0/bin/node /Users/marco/.nvm/versions/node/v16.20.0/bin/firebase deploy --token 1//03w0MntcNoTIRCgYIARAAGAMSNwF-L9IrsCU531n1VW8XtK2LW5LKnsQuvKTf2kbq3gF4U8p9jTko4X-diUB2f_SiwXEtqqPxTpA
[debug] [2023-05-19T10:27:48.990Z] CLI Version:   12.0.1
[debug] [2023-05-19T10:27:48.990Z] Platform:      darwin
[debug] [2023-05-19T10:27:48.990Z] Node Version:  v16.20.0
[debug] [2023-05-19T10:27:48.991Z] Time:          Fri May 19 2023 12:27:48 GMT+0200 (Central European Summer Time)
[debug] [2023-05-19T10:27:48.991Z] ----------------------------------------------------------------------
[debug] 
[debug] [2023-05-19T10:27:49.018Z] > command requires scopes: ["email","openid","https://www.googleapis.com/auth/cloudplatformprojects.readonly","https://www.googleapis.com/auth/firebase","https://www.googleapis.com/auth/cloud-platform"]
[debug] [2023-05-19T10:27:49.018Z] > authorizing via --token option
[warn] ⚠  Authenticating with `--token` is deprecated and will be removed in a future major version of `firebase-tools`. Instead, use a service account key with `GOOGLE_APPLICATION_CREDENTIALS`: https://cloud.google.com/docs/authentication/getting-started 
[debug] [2023-05-19T10:27:49.019Z] [iam] checking project challenger-27b2b for permissions ["firebase.projects.get","firebasehosting.sites.update"]
[debug] [2023-05-19T10:27:49.019Z] > refreshing access token with scopes: []
[debug] [2023-05-19T10:27:49.020Z] >>> [apiv2][query] POST https://www.googleapis.com/oauth2/v3/token [none]
[debug] [2023-05-19T10:27:49.020Z] >>> [apiv2][body] POST https://www.googleapis.com/oauth2/v3/token [omitted]
[debug] [2023-05-19T10:27:49.163Z] <<< [apiv2][status] POST https://www.googleapis.com/oauth2/v3/token 200
[debug] [2023-05-19T10:27:49.163Z] <<< [apiv2][body] POST https://www.googleapis.com/oauth2/v3/token [omitted]
[debug] [2023-05-19T10:27:49.164Z] >>> [apiv2][query] POST https://cloudresourcemanager.googleapis.com/v1/projects/challenger-27b2b:testIamPermissions [none]
[debug] [2023-05-19T10:27:49.164Z] >>> [apiv2][(partial)header] POST https://cloudresourcemanager.googleapis.com/v1/projects/challenger-27b2b:testIamPermissions x-goog-quota-user=projects/challenger-27b2b
[debug] [2023-05-19T10:27:49.164Z] >>> [apiv2][body] POST https://cloudresourcemanager.googleapis.com/v1/projects/challenger-27b2b:testIamPermissions {"permissions":["firebase.projects.get","firebasehosting.sites.update"]}
[debug] [2023-05-19T10:27:49.887Z] <<< [apiv2][status] POST https://cloudresourcemanager.googleapis.com/v1/projects/challenger-27b2b:testIamPermissions 200
[debug] [2023-05-19T10:27:49.887Z] <<< [apiv2][body] POST https://cloudresourcemanager.googleapis.com/v1/projects/challenger-27b2b:testIamPermissions {"permissions":["firebase.projects.get","firebasehosting.sites.update"]}
[debug] [2023-05-19T10:27:49.890Z] >>> [apiv2][query] GET https://firebase.googleapis.com/v1beta1/projects/challenger-27b2b [none]
[debug] [2023-05-19T10:27:50.166Z] <<< [apiv2][status] GET https://firebase.googleapis.com/v1beta1/projects/challenger-27b2b 200
